<?xml version="1.0" encoding="UTF-8"?>
<!-- Generated by org.testng.reporters.JUnitXMLReporter -->
<testsuite hostname="cdac-ecgc" failures="0" tests="3" name="Default test" time="4.112" errors="0" timestamp="27 Apr 2020 16:27:56 GMT">
  <testcase classname="in.ecgc.erp.hrd_emp_be.TestNGController" name="addEmployee" time="0.23"/>
  <testcase classname="in.ecgc.erp.hrd_emp_be.TestNGController" name="deleteEmployee" time="0.019"/>
  <testcase classname="in.ecgc.erp.hrd_emp_be.TestNGController" name="viewAllEmployees" time="0.014"/>
</testsuite> <!-- Default test -->
