<?xml version="1.0" encoding="UTF-8"?>
<testng-results total="3" passed="3" failed="0" skipped="0">
  <reporter-output>
  </reporter-output>
  <suite started-at="2020-05-08T11:21:14Z" name="Default suite" finished-at="2020-05-08T11:21:20Z" duration-ms="6663">
    <groups>
    </groups>
    <test started-at="2020-05-08T11:21:14Z" name="Default test" finished-at="2020-05-08T11:21:20Z" duration-ms="6663">
      <class name="in.ecgc.erp.hrd_emp_be.HrdEmpBeApplicationTests">
        <test-method is-config="true" signature="springTestContextBeforeTestClass()[pri:0, instance:in.ecgc.erp.hrd_emp_be.HrdEmpBeApplicationTests@5974109]" started-at="2020-05-08T16:51:14Z" name="springTestContextBeforeTestClass" finished-at="2020-05-08T16:51:14Z" duration-ms="7" status="PASS">
          <reporter-output>
          </reporter-output>
        </test-method> <!-- springTestContextBeforeTestClass -->
        <test-method is-config="true" signature="springTestContextPrepareTestInstance()[pri:0, instance:in.ecgc.erp.hrd_emp_be.HrdEmpBeApplicationTests@5974109]" started-at="2020-05-08T16:51:14Z" name="springTestContextPrepareTestInstance" finished-at="2020-05-08T16:51:19Z" depends-on-methods="org.springframework.test.context.testng.AbstractTestNGSpringContextTests.springTestContextBeforeTestClass" duration-ms="5931" status="PASS">
          <reporter-output>
          </reporter-output>
        </test-method> <!-- springTestContextPrepareTestInstance -->
        <test-method is-config="true" signature="setup()[pri:0, instance:in.ecgc.erp.hrd_emp_be.HrdEmpBeApplicationTests@5974109]" started-at="2020-05-08T16:51:19Z" name="setup" finished-at="2020-05-08T16:51:19Z" duration-ms="31" status="PASS">
          <reporter-output>
          </reporter-output>
        </test-method> <!-- setup -->
        <test-method is-config="true" signature="springTestContextBeforeTestMethod(java.lang.reflect.Method)[pri:0, instance:in.ecgc.erp.hrd_emp_be.HrdEmpBeApplicationTests@5974109]" started-at="2020-05-08T16:51:20Z" name="springTestContextBeforeTestMethod" finished-at="2020-05-08T16:51:20Z" duration-ms="4" status="PASS">
          <params>
            <param index="0">
              <value>
                <![CDATA[public void in.ecgc.erp.hrd_emp_be.HrdEmpBeApplicationTests.addEmployee() throws java.lang.Exception]]>
              </value>
            </param>
          </params>
          <reporter-output>
          </reporter-output>
        </test-method> <!-- springTestContextBeforeTestMethod -->
        <test-method signature="addEmployee()[pri:0, instance:in.ecgc.erp.hrd_emp_be.HrdEmpBeApplicationTests@5974109]" started-at="2020-05-08T16:51:20Z" name="addEmployee" finished-at="2020-05-08T16:51:20Z" duration-ms="555" status="PASS">
          <reporter-output>
          </reporter-output>
        </test-method> <!-- addEmployee -->
        <test-method is-config="true" signature="springTestContextAfterTestMethod(java.lang.reflect.Method)[pri:0, instance:in.ecgc.erp.hrd_emp_be.HrdEmpBeApplicationTests@5974109]" started-at="2020-05-08T16:51:20Z" name="springTestContextAfterTestMethod" finished-at="2020-05-08T16:51:20Z" duration-ms="3" status="PASS">
          <params>
            <param index="0">
              <value>
                <![CDATA[public void in.ecgc.erp.hrd_emp_be.HrdEmpBeApplicationTests.addEmployee() throws java.lang.Exception]]>
              </value>
            </param>
          </params>
          <reporter-output>
          </reporter-output>
        </test-method> <!-- springTestContextAfterTestMethod -->
        <test-method is-config="true" signature="springTestContextBeforeTestMethod(java.lang.reflect.Method)[pri:0, instance:in.ecgc.erp.hrd_emp_be.HrdEmpBeApplicationTests@5974109]" started-at="2020-05-08T16:51:20Z" name="springTestContextBeforeTestMethod" finished-at="2020-05-08T16:51:20Z" duration-ms="2" status="PASS">
          <params>
            <param index="0">
              <value>
                <![CDATA[public void in.ecgc.erp.hrd_emp_be.HrdEmpBeApplicationTests.deleteEmployee() throws java.lang.Exception]]>
              </value>
            </param>
          </params>
          <reporter-output>
          </reporter-output>
        </test-method> <!-- springTestContextBeforeTestMethod -->
        <test-method signature="deleteEmployee()[pri:0, instance:in.ecgc.erp.hrd_emp_be.HrdEmpBeApplicationTests@5974109]" started-at="2020-05-08T16:51:20Z" name="deleteEmployee" finished-at="2020-05-08T16:51:20Z" duration-ms="91" status="PASS">
          <reporter-output>
          </reporter-output>
        </test-method> <!-- deleteEmployee -->
        <test-method is-config="true" signature="springTestContextBeforeTestMethod(java.lang.reflect.Method)[pri:0, instance:in.ecgc.erp.hrd_emp_be.HrdEmpBeApplicationTests@5974109]" started-at="2020-05-08T16:51:20Z" name="springTestContextBeforeTestMethod" finished-at="2020-05-08T16:51:20Z" duration-ms="1" status="PASS">
          <params>
            <param index="0">
              <value>
                <![CDATA[public void in.ecgc.erp.hrd_emp_be.HrdEmpBeApplicationTests.viewAllEmployees()]]>
              </value>
            </param>
          </params>
          <reporter-output>
          </reporter-output>
        </test-method> <!-- springTestContextBeforeTestMethod -->
        <test-method is-config="true" signature="springTestContextAfterTestMethod(java.lang.reflect.Method)[pri:0, instance:in.ecgc.erp.hrd_emp_be.HrdEmpBeApplicationTests@5974109]" started-at="2020-05-08T16:51:20Z" name="springTestContextAfterTestMethod" finished-at="2020-05-08T16:51:20Z" duration-ms="0" status="PASS">
          <params>
            <param index="0">
              <value>
                <![CDATA[public void in.ecgc.erp.hrd_emp_be.HrdEmpBeApplicationTests.deleteEmployee() throws java.lang.Exception]]>
              </value>
            </param>
          </params>
          <reporter-output>
          </reporter-output>
        </test-method> <!-- springTestContextAfterTestMethod -->
        <test-method signature="viewAllEmployees()[pri:0, instance:in.ecgc.erp.hrd_emp_be.HrdEmpBeApplicationTests@5974109]" started-at="2020-05-08T16:51:20Z" name="viewAllEmployees" finished-at="2020-05-08T16:51:20Z" duration-ms="23" status="PASS">
          <reporter-output>
          </reporter-output>
        </test-method> <!-- viewAllEmployees -->
        <test-method is-config="true" signature="springTestContextAfterTestMethod(java.lang.reflect.Method)[pri:0, instance:in.ecgc.erp.hrd_emp_be.HrdEmpBeApplicationTests@5974109]" started-at="2020-05-08T16:51:20Z" name="springTestContextAfterTestMethod" finished-at="2020-05-08T16:51:20Z" duration-ms="1" status="PASS">
          <params>
            <param index="0">
              <value>
                <![CDATA[public void in.ecgc.erp.hrd_emp_be.HrdEmpBeApplicationTests.viewAllEmployees()]]>
              </value>
            </param>
          </params>
          <reporter-output>
          </reporter-output>
        </test-method> <!-- springTestContextAfterTestMethod -->
        <test-method is-config="true" signature="springTestContextAfterTestClass()[pri:0, instance:in.ecgc.erp.hrd_emp_be.HrdEmpBeApplicationTests@5974109]" started-at="2020-05-08T16:51:20Z" name="springTestContextAfterTestClass" finished-at="2020-05-08T16:51:20Z" duration-ms="2" status="PASS">
          <reporter-output>
          </reporter-output>
        </test-method> <!-- springTestContextAfterTestClass -->
      </class> <!-- in.ecgc.erp.hrd_emp_be.HrdEmpBeApplicationTests -->
    </test> <!-- Default test -->
  </suite> <!-- Default suite -->
</testng-results>
